\BOOKMARK [1][-]{section.1}{Introduction}{}% 1
\BOOKMARK [1][-]{section.2}{Methods}{}% 2
\BOOKMARK [2][-]{subsection.2.1}{FTCS simple explicit}{section.2}% 3
\BOOKMARK [2][-]{subsection.2.2}{Implicit schemes}{section.2}% 4
\BOOKMARK [3][-]{subsubsection.2.2.1}{Laasonen}{subsection.2.2}% 5
\BOOKMARK [3][-]{subsubsection.2.2.2}{Crank-Nicholson}{subsection.2.2}% 6
\BOOKMARK [2][-]{subsection.2.3}{Analytical solution}{section.2}% 7
\BOOKMARK [2][-]{subsection.2.4}{Speed-up calculation}{section.2}% 8
\BOOKMARK [1][-]{section.3}{Results}{}% 9
\BOOKMARK [2][-]{subsection.3.1}{Step size effect}{section.3}% 10
\BOOKMARK [2][-]{subsection.3.2}{Speed-up investigation}{section.3}% 11
\BOOKMARK [1][-]{section.4}{Discussion}{}% 12
\BOOKMARK [2][-]{subsection.4.1}{Analytical solution}{section.4}% 13
\BOOKMARK [2][-]{subsection.4.2}{Step size study}{section.4}% 14
\BOOKMARK [2][-]{subsection.4.3}{Performance study}{section.4}% 15
\BOOKMARK [1][-]{section.5}{Future work}{}% 16
\BOOKMARK [1][-]{section.6}{Conclusion}{}% 17
\BOOKMARK [1][-]{section.7}{References}{}% 18
\BOOKMARK [1][-]{section.8}{Appendices}{}% 19
\BOOKMARK [2][-]{subsection.8.1}{Code sample}{section.8}% 20
